{"contracts/insured-vesting-v1/InsuredVestingV1.sol":{"l":{"64":203,"65":203,"66":203,"67":203,"68":203,"69":202,"70":201,"76":21,"77":20,"78":20,"80":20,"84":20,"85":19,"86":17,"87":17,"89":17,"93":17,"94":17,"95":17,"97":17,"98":16,"99":13,"103":12,"105":11,"106":11,"108":11,"109":3,"110":3,"112":8,"113":8,"114":8,"117":11,"118":11,"119":11,"121":11,"122":8,"123":8,"125":8,"126":8,"128":3,"129":3,"131":3,"132":3,"137":17,"138":16,"140":14,"144":34,"145":33,"146":32,"148":32,"152":1,"156":4,"158":4,"163":5,"164":5,"168":5,"170":5,"171":4,"174":3,"175":3,"177":3,"178":3,"180":3,"181":3,"183":3,"184":3,"186":3,"187":3,"192":3,"194":3,"195":2,"198":3,"201":3,"203":3,"204":3,"206":3},"path":"/Users/shaharyakir/Documents/dev_x/excited-contracts/contracts/insured-vesting-v1/InsuredVestingV1.sol","s":{"1":203,"2":202,"3":21,"4":1,"5":20,"6":20,"7":1,"8":19,"9":2,"10":17,"11":17,"12":17,"13":17,"14":17,"15":17,"16":16,"17":13,"18":12,"19":11,"20":11,"21":11,"22":8,"23":11,"24":8,"25":8,"26":8,"27":8,"28":3,"29":3,"30":3,"31":3,"32":17,"33":1,"34":16,"35":2,"36":14,"37":34,"38":1,"39":33,"40":1,"41":32,"42":4,"43":5,"44":5,"45":5,"46":4,"47":3,"48":3,"49":3,"50":3,"51":3,"52":3,"53":3,"54":3,"55":3,"56":3,"57":3,"58":3,"59":3,"60":3},"b":{"1":[202,1],"2":[201,1],"3":[21,1],"4":[1,20],"5":[1,19],"6":[2,17],"7":[16,1],"8":[13,3],"9":[12,1],"10":[11,1],"11":[3,8],"12":[8,3],"13":[1,16],"14":[2,14],"15":[34,1],"16":[1,33],"17":[1,32],"18":[1,1],"19":[3,1],"20":[5,1],"21":[4,1],"22":[3,1],"23":[3,1],"24":[2,1]},"f":{"1":203,"2":21,"3":20,"4":17,"5":17,"6":34,"7":1,"8":4,"9":5,"10":5,"11":3},"fnMap":{"1":{"name":"constructor","line":63,"loc":{"start":{"line":63,"column":4},"end":{"line":71,"column":4}}},"2":{"name":"addAllocation","line":75,"loc":{"start":{"line":75,"column":4},"end":{"line":81,"column":4}}},"3":{"name":"addFunds","line":83,"loc":{"start":{"line":83,"column":4},"end":{"line":90,"column":4}}},"4":{"name":"claim","line":92,"loc":{"start":{"line":92,"column":4},"end":{"line":134,"column":4}}},"5":{"name":"vestingPeriodsPassed","line":136,"loc":{"start":{"line":136,"column":4},"end":{"line":141,"column":4}}},"6":{"name":"setStartTime","line":143,"loc":{"start":{"line":143,"column":4},"end":{"line":149,"column":4}}},"7":{"name":"setProjectAddress","line":151,"loc":{"start":{"line":151,"column":4},"end":{"line":153,"column":4}}},"8":{"name":"toggleDecision","line":155,"loc":{"start":{"line":155,"column":4},"end":{"line":159,"column":4}}},"9":{"name":"emergencyReleaseVesting","line":162,"loc":{"start":{"line":162,"column":4},"end":{"line":165,"column":4}}},"10":{"name":"emergencyClaim","line":167,"loc":{"start":{"line":167,"column":4},"end":{"line":188,"column":4}}},"11":{"name":"recover","line":190,"loc":{"start":{"line":190,"column":4},"end":{"line":207,"column":4}}}},"statementMap":{"1":{"start":{"line":68,"column":8},"end":{"line":68,"column":72}},"2":{"start":{"line":69,"column":8},"end":{"line":69,"column":81}},"3":{"start":{"line":76,"column":8},"end":{"line":76,"column":92}},"4":{"start":{"line":76,"column":59},"end":{"line":76,"column":91}},"5":{"start":{"line":80,"column":8},"end":{"line":80,"column":53}},"6":{"start":{"line":84,"column":8},"end":{"line":84,"column":92}},"7":{"start":{"line":84,"column":59},"end":{"line":84,"column":91}},"8":{"start":{"line":85,"column":8},"end":{"line":85,"column":139}},"9":{"start":{"line":85,"column":104},"end":{"line":85,"column":138}},"10":{"start":{"line":86,"column":8},"end":{"line":86,"column":63}},"11":{"start":{"line":89,"column":8},"end":{"line":89,"column":43}},"12":{"start":{"line":93,"column":8},"end":{"line":93,"column":64}},"13":{"start":{"line":94,"column":8},"end":{"line":94,"column":62}},"14":{"start":{"line":95,"column":8},"end":{"line":95,"column":85}},"15":{"start":{"line":97,"column":8},"end":{"line":97,"column":55}},"16":{"start":{"line":98,"column":8},"end":{"line":98,"column":68}},"17":{"start":{"line":99,"column":8},"end":{"line":99,"column":74}},"18":{"start":{"line":103,"column":8},"end":{"line":103,"column":59}},"19":{"start":{"line":105,"column":8},"end":{"line":105,"column":30}},"20":{"start":{"line":106,"column":8},"end":{"line":106,"column":30}},"21":{"start":{"line":108,"column":8},"end":{"line":108,"column":4231}},"22":{"start":{"line":112,"column":12},"end":{"line":112,"column":85}},"23":{"start":{"line":121,"column":8},"end":{"line":121,"column":4919}},"24":{"start":{"line":122,"column":12},"end":{"line":122,"column":52}},"25":{"start":{"line":123,"column":12},"end":{"line":123,"column":53}},"26":{"start":{"line":125,"column":12},"end":{"line":125,"column":101}},"27":{"start":{"line":126,"column":12},"end":{"line":126,"column":104}},"28":{"start":{"line":128,"column":12},"end":{"line":128,"column":53}},"29":{"start":{"line":129,"column":12},"end":{"line":129,"column":52}},"30":{"start":{"line":131,"column":12},"end":{"line":131,"column":101}},"31":{"start":{"line":132,"column":12},"end":{"line":132,"column":104}},"32":{"start":{"line":137,"column":8},"end":{"line":137,"column":36}},"33":{"start":{"line":137,"column":28},"end":{"line":137,"column":36}},"34":{"start":{"line":138,"column":8},"end":{"line":138,"column":49}},"35":{"start":{"line":138,"column":41},"end":{"line":138,"column":49}},"36":{"start":{"line":140,"column":8},"end":{"line":140,"column":90}},"37":{"start":{"line":144,"column":8},"end":{"line":144,"column":92}},"38":{"start":{"line":144,"column":59},"end":{"line":144,"column":91}},"39":{"start":{"line":145,"column":8},"end":{"line":145,"column":85}},"40":{"start":{"line":145,"column":42},"end":{"line":145,"column":84}},"41":{"start":{"line":148,"column":8},"end":{"line":148,"column":37}},"42":{"start":{"line":158,"column":8},"end":{"line":158,"column":81}},"43":{"start":{"line":164,"column":8},"end":{"line":164,"column":31}},"44":{"start":{"line":168,"column":8},"end":{"line":168,"column":64}},"45":{"start":{"line":170,"column":8},"end":{"line":170,"column":58}},"46":{"start":{"line":171,"column":8},"end":{"line":171,"column":59}},"47":{"start":{"line":174,"column":8},"end":{"line":174,"column":75}},"48":{"start":{"line":177,"column":8},"end":{"line":177,"column":81}},"49":{"start":{"line":178,"column":8},"end":{"line":178,"column":98}},"50":{"start":{"line":183,"column":8},"end":{"line":183,"column":49}},"51":{"start":{"line":184,"column":8},"end":{"line":184,"column":48}},"52":{"start":{"line":186,"column":8},"end":{"line":186,"column":86}},"53":{"start":{"line":187,"column":8},"end":{"line":187,"column":89}},"54":{"start":{"line":192,"column":8},"end":{"line":192,"column":85}},"55":{"start":{"line":194,"column":8},"end":{"line":194,"column":8234}},"56":{"start":{"line":198,"column":8},"end":{"line":198,"column":72}},"57":{"start":{"line":201,"column":8},"end":{"line":201,"column":65}},"58":{"start":{"line":203,"column":8},"end":{"line":203,"column":54}},"59":{"start":{"line":204,"column":8},"end":{"line":204,"column":58}},"60":{"start":{"line":206,"column":8},"end":{"line":206,"column":81}}},"branchMap":{"1":{"line":68,"type":"if","locations":[{"start":{"line":68,"column":8},"end":{"line":68,"column":8}},{"start":{"line":68,"column":8},"end":{"line":68,"column":8}}]},"2":{"line":69,"type":"if","locations":[{"start":{"line":69,"column":8},"end":{"line":69,"column":8}},{"start":{"line":69,"column":8},"end":{"line":69,"column":8}}]},"3":{"line":75,"type":"if","locations":[{"start":{"line":75,"column":75},"end":{"line":75,"column":75}},{"start":{"line":75,"column":75},"end":{"line":75,"column":75}}]},"4":{"line":76,"type":"if","locations":[{"start":{"line":76,"column":8},"end":{"line":76,"column":8}},{"start":{"line":76,"column":8},"end":{"line":76,"column":8}}]},"5":{"line":84,"type":"if","locations":[{"start":{"line":84,"column":8},"end":{"line":84,"column":8}},{"start":{"line":84,"column":8},"end":{"line":84,"column":8}}]},"6":{"line":85,"type":"if","locations":[{"start":{"line":85,"column":8},"end":{"line":85,"column":8}},{"start":{"line":85,"column":8},"end":{"line":85,"column":8}}]},"7":{"line":97,"type":"if","locations":[{"start":{"line":97,"column":8},"end":{"line":97,"column":8}},{"start":{"line":97,"column":8},"end":{"line":97,"column":8}}]},"8":{"line":98,"type":"if","locations":[{"start":{"line":98,"column":8},"end":{"line":98,"column":8}},{"start":{"line":98,"column":8},"end":{"line":98,"column":8}}]},"9":{"line":99,"type":"if","locations":[{"start":{"line":99,"column":8},"end":{"line":99,"column":8}},{"start":{"line":99,"column":8},"end":{"line":99,"column":8}}]},"10":{"line":103,"type":"if","locations":[{"start":{"line":103,"column":8},"end":{"line":103,"column":8}},{"start":{"line":103,"column":8},"end":{"line":103,"column":8}}]},"11":{"line":108,"type":"if","locations":[{"start":{"line":108,"column":8},"end":{"line":108,"column":8}},{"start":{"line":108,"column":8},"end":{"line":108,"column":8}}]},"12":{"line":121,"type":"if","locations":[{"start":{"line":121,"column":8},"end":{"line":121,"column":8}},{"start":{"line":121,"column":8},"end":{"line":121,"column":8}}]},"13":{"line":137,"type":"if","locations":[{"start":{"line":137,"column":8},"end":{"line":137,"column":8}},{"start":{"line":137,"column":8},"end":{"line":137,"column":8}}]},"14":{"line":138,"type":"if","locations":[{"start":{"line":138,"column":8},"end":{"line":138,"column":8}},{"start":{"line":138,"column":8},"end":{"line":138,"column":8}}]},"15":{"line":143,"type":"if","locations":[{"start":{"line":143,"column":53},"end":{"line":143,"column":53}},{"start":{"line":143,"column":53},"end":{"line":143,"column":53}}]},"16":{"line":144,"type":"if","locations":[{"start":{"line":144,"column":8},"end":{"line":144,"column":8}},{"start":{"line":144,"column":8},"end":{"line":144,"column":8}}]},"17":{"line":145,"type":"if","locations":[{"start":{"line":145,"column":8},"end":{"line":145,"column":8}},{"start":{"line":145,"column":8},"end":{"line":145,"column":8}}]},"18":{"line":151,"type":"if","locations":[{"start":{"line":151,"column":56},"end":{"line":151,"column":56}},{"start":{"line":151,"column":56},"end":{"line":151,"column":56}}]},"19":{"line":156,"type":"if","locations":[{"start":{"line":156,"column":116},"end":{"line":156,"column":133}},{"start":{"line":156,"column":137},"end":{"line":156,"column":156}}]},"20":{"line":162,"type":"if","locations":[{"start":{"line":162,"column":46},"end":{"line":162,"column":46}},{"start":{"line":162,"column":46},"end":{"line":162,"column":46}}]},"21":{"line":170,"type":"if","locations":[{"start":{"line":170,"column":8},"end":{"line":170,"column":8}},{"start":{"line":170,"column":8},"end":{"line":170,"column":8}}]},"22":{"line":171,"type":"if","locations":[{"start":{"line":171,"column":8},"end":{"line":171,"column":8}},{"start":{"line":171,"column":8},"end":{"line":171,"column":8}}]},"23":{"line":190,"type":"if","locations":[{"start":{"line":190,"column":52},"end":{"line":190,"column":52}},{"start":{"line":190,"column":52},"end":{"line":190,"column":52}}]},"24":{"line":194,"type":"if","locations":[{"start":{"line":194,"column":8},"end":{"line":194,"column":8}},{"start":{"line":194,"column":8},"end":{"line":194,"column":8}}]}}},"contracts/test/MockERC20.sol":{"l":{"8":498},"path":"/Users/shaharyakir/Documents/dev_x/excited-contracts/contracts/test/MockERC20.sol","s":{"1":498},"b":{},"f":{"1":498},"fnMap":{"1":{"name":"constructor","line":7,"loc":{"start":{"line":7,"column":4},"end":{"line":9,"column":4}}}},"statementMap":{"1":{"start":{"line":8,"column":8},"end":{"line":8,"column":32}}},"branchMap":{}},"contracts/test/MockUSDC.sol":{"l":{"8":201,"12":67},"path":"/Users/shaharyakir/Documents/dev_x/excited-contracts/contracts/test/MockUSDC.sol","s":{"1":201,"2":67},"b":{},"f":{"1":201,"2":67},"fnMap":{"1":{"name":"constructor","line":7,"loc":{"start":{"line":7,"column":4},"end":{"line":9,"column":4}}},"2":{"name":"decimals","line":11,"loc":{"start":{"line":11,"column":4},"end":{"line":13,"column":4}}}},"statementMap":{"1":{"start":{"line":8,"column":8},"end":{"line":8,"column":32}},"2":{"start":{"line":12,"column":8},"end":{"line":12,"column":16}}},"branchMap":{}},"contracts/uninsured-vesting-v1/UninsuredVestingV1.sol":{"l":{"32":48,"33":48,"37":8,"38":8,"39":8,"41":8,"42":6,"44":5,"47":5,"48":2,"50":3,"53":5,"54":5,"56":5,"57":5,"61":8,"62":7,"64":6,"68":17,"69":16,"70":15,"71":15,"75":9,"76":8,"77":8,"78":8,"83":3,"85":3,"86":2,"89":3,"92":3,"93":3,"95":3},"path":"/Users/shaharyakir/Documents/dev_x/excited-contracts/contracts/uninsured-vesting-v1/UninsuredVestingV1.sol","s":{"1":8,"2":8,"3":8,"4":8,"5":6,"6":5,"7":5,"8":5,"9":5,"10":8,"11":1,"12":7,"13":1,"14":6,"15":17,"16":1,"17":16,"18":1,"19":15,"20":9,"21":1,"22":8,"23":3,"24":3,"25":3,"26":3,"27":3,"28":3},"b":{"1":[6,2],"2":[5,1],"3":[2,3],"4":[1,7],"5":[1,6],"6":[17,1],"7":[1,16],"8":[1,15],"9":[9,1],"10":[1,8],"11":[3,1],"12":[2,1]},"f":{"1":48,"2":8,"3":8,"4":17,"5":9,"6":3},"fnMap":{"1":{"name":"constructor","line":31,"loc":{"start":{"line":31,"column":4},"end":{"line":34,"column":4}}},"2":{"name":"claim","line":36,"loc":{"start":{"line":36,"column":4},"end":{"line":58,"column":4}}},"3":{"name":"vestingPeriodsPassed","line":60,"loc":{"start":{"line":60,"column":4},"end":{"line":65,"column":4}}},"4":{"name":"setStartTime","line":67,"loc":{"start":{"line":67,"column":4},"end":{"line":72,"column":4}}},"5":{"name":"addAmount","line":74,"loc":{"start":{"line":74,"column":4},"end":{"line":79,"column":4}}},"6":{"name":"recover","line":81,"loc":{"start":{"line":81,"column":4},"end":{"line":96,"column":4}}}},"statementMap":{"1":{"start":{"line":37,"column":8},"end":{"line":37,"column":68}},"2":{"start":{"line":38,"column":8},"end":{"line":38,"column":62}},"3":{"start":{"line":39,"column":8},"end":{"line":39,"column":87}},"4":{"start":{"line":41,"column":8},"end":{"line":41,"column":68}},"5":{"start":{"line":42,"column":8},"end":{"line":42,"column":74}},"6":{"start":{"line":44,"column":8},"end":{"line":44,"column":22}},"7":{"start":{"line":47,"column":8},"end":{"line":47,"column":1553}},"8":{"start":{"line":56,"column":8},"end":{"line":56,"column":40}},"9":{"start":{"line":57,"column":8},"end":{"line":57,"column":59}},"10":{"start":{"line":61,"column":8},"end":{"line":61,"column":36}},"11":{"start":{"line":61,"column":28},"end":{"line":61,"column":36}},"12":{"start":{"line":62,"column":8},"end":{"line":62,"column":49}},"13":{"start":{"line":62,"column":41},"end":{"line":62,"column":49}},"14":{"start":{"line":64,"column":8},"end":{"line":64,"column":90}},"15":{"start":{"line":68,"column":8},"end":{"line":68,"column":92}},"16":{"start":{"line":68,"column":59},"end":{"line":68,"column":91}},"17":{"start":{"line":69,"column":8},"end":{"line":69,"column":85}},"18":{"start":{"line":69,"column":42},"end":{"line":69,"column":84}},"19":{"start":{"line":71,"column":8},"end":{"line":71,"column":37}},"20":{"start":{"line":75,"column":8},"end":{"line":75,"column":92}},"21":{"start":{"line":75,"column":59},"end":{"line":75,"column":91}},"22":{"start":{"line":78,"column":8},"end":{"line":78,"column":40}},"23":{"start":{"line":83,"column":8},"end":{"line":83,"column":85}},"24":{"start":{"line":85,"column":8},"end":{"line":85,"column":3261}},"25":{"start":{"line":89,"column":8},"end":{"line":89,"column":72}},"26":{"start":{"line":92,"column":8},"end":{"line":92,"column":54}},"27":{"start":{"line":93,"column":8},"end":{"line":93,"column":58}},"28":{"start":{"line":95,"column":8},"end":{"line":95,"column":81}}},"branchMap":{"1":{"line":41,"type":"if","locations":[{"start":{"line":41,"column":8},"end":{"line":41,"column":8}},{"start":{"line":41,"column":8},"end":{"line":41,"column":8}}]},"2":{"line":42,"type":"if","locations":[{"start":{"line":42,"column":8},"end":{"line":42,"column":8}},{"start":{"line":42,"column":8},"end":{"line":42,"column":8}}]},"3":{"line":47,"type":"if","locations":[{"start":{"line":47,"column":8},"end":{"line":47,"column":8}},{"start":{"line":47,"column":8},"end":{"line":47,"column":8}}]},"4":{"line":61,"type":"if","locations":[{"start":{"line":61,"column":8},"end":{"line":61,"column":8}},{"start":{"line":61,"column":8},"end":{"line":61,"column":8}}]},"5":{"line":62,"type":"if","locations":[{"start":{"line":62,"column":8},"end":{"line":62,"column":8}},{"start":{"line":62,"column":8},"end":{"line":62,"column":8}}]},"6":{"line":67,"type":"if","locations":[{"start":{"line":67,"column":53},"end":{"line":67,"column":53}},{"start":{"line":67,"column":53},"end":{"line":67,"column":53}}]},"7":{"line":68,"type":"if","locations":[{"start":{"line":68,"column":8},"end":{"line":68,"column":8}},{"start":{"line":68,"column":8},"end":{"line":68,"column":8}}]},"8":{"line":69,"type":"if","locations":[{"start":{"line":69,"column":8},"end":{"line":69,"column":8}},{"start":{"line":69,"column":8},"end":{"line":69,"column":8}}]},"9":{"line":74,"type":"if","locations":[{"start":{"line":74,"column":62},"end":{"line":74,"column":62}},{"start":{"line":74,"column":62},"end":{"line":74,"column":62}}]},"10":{"line":75,"type":"if","locations":[{"start":{"line":75,"column":8},"end":{"line":75,"column":8}},{"start":{"line":75,"column":8},"end":{"line":75,"column":8}}]},"11":{"line":81,"type":"if","locations":[{"start":{"line":81,"column":52},"end":{"line":81,"column":52}},{"start":{"line":81,"column":52},"end":{"line":81,"column":52}}]},"12":{"line":85,"type":"if","locations":[{"start":{"line":85,"column":8},"end":{"line":85,"column":8}},{"start":{"line":85,"column":8},"end":{"line":85,"column":8}}]}}}}