{"contracts/insured-vesting-v1/InsuredVestingV1.sol":{"l":{"68":158,"69":155,"75":173,"76":173,"78":173,"79":172,"81":171,"82":171,"87":68,"90":68,"91":4,"92":4,"93":4,"94":4,"97":68,"101":57,"102":54,"104":54,"105":54,"106":54,"108":53,"112":28,"113":28,"114":28,"118":28,"119":28,"121":28,"123":28,"127":31,"129":29,"130":29,"132":28,"134":28,"135":28,"137":28,"139":28,"141":28,"142":24,"143":24,"145":24,"146":24,"148":4,"149":4,"151":4,"152":4,"158":30,"159":29,"162":29,"163":29,"164":29,"168":5,"170":5,"177":0,"179":0,"203":6,"204":6,"206":6,"207":5,"210":6,"213":6,"215":6,"216":6,"218":6},"path":"/Users/shaharyakir/Documents/dev_x/excited-contracts/contracts/insured-vesting-v1/InsuredVestingV1.sol","s":{"1":158,"2":173,"3":172,"4":68,"5":4,"6":4,"7":68,"8":57,"9":54,"10":54,"11":53,"12":28,"13":0,"14":28,"15":28,"16":28,"17":28,"18":28,"19":0,"20":28,"21":31,"22":29,"23":29,"24":28,"25":28,"26":28,"27":28,"28":28,"29":24,"30":24,"31":24,"32":24,"33":4,"34":4,"35":4,"36":4,"37":30,"38":29,"39":29,"40":29,"41":5,"42":0,"43":6,"44":6,"45":6,"46":6,"47":6,"48":6,"49":6,"50":6},"b":{"1":[3,155],"2":[1,172],"3":[1,171],"4":[69,1],"5":[68,1],"6":[4,64],"7":[57,1],"8":[3,54],"9":[0,54],"10":[0,28],"11":[0,0],"12":[0,28],"13":[2,29],"14":[2,0],"15":[1,28],"16":[0,28],"17":[0,28],"18":[24,4],"19":[31,1],"20":[30,1],"21":[1,29],"22":[4,1],"23":[0,1],"24":[6,1],"25":[5,1]},"f":{"1":158,"2":173,"3":68,"4":57,"5":28,"6":28,"7":31,"8":30,"9":5,"10":0,"11":0,"12":6},"fnMap":{"1":{"name":"onlyBeforeVesting","line":67,"loc":{"start":{"line":67,"column":4},"end":{"line":70,"column":4}}},"2":{"name":"constructor","line":74,"loc":{"start":{"line":74,"column":4},"end":{"line":83,"column":4}}},"3":{"name":"setAllocation","line":85,"loc":{"start":{"line":85,"column":4},"end":{"line":98,"column":4}}},"4":{"name":"addFunds","line":100,"loc":{"start":{"line":100,"column":4},"end":{"line":109,"column":4}}},"5":{"name":"totalVestedFor","line":111,"loc":{"start":{"line":111,"column":4},"end":{"line":115,"column":4}}},"6":{"name":"claimableFor","line":117,"loc":{"start":{"line":117,"column":4},"end":{"line":124,"column":4}}},"7":{"name":"claim","line":126,"loc":{"start":{"line":126,"column":4},"end":{"line":154,"column":4}}},"8":{"name":"activate","line":157,"loc":{"start":{"line":157,"column":4},"end":{"line":165,"column":4}}},"9":{"name":"toggleDecision","line":167,"loc":{"start":{"line":167,"column":4},"end":{"line":171,"column":4}}},"10":{"name":"emergencyReleaseVesting","line":176,"loc":{"start":{"line":176,"column":4},"end":{"line":180,"column":4}}},"11":{"name":"emergencyClaim","line":183,"loc":{"start":{"line":183,"column":4},"end":{"line":198,"column":4}}},"12":{"name":"recover","line":201,"loc":{"start":{"line":201,"column":4},"end":{"line":219,"column":4}}}},"statementMap":{"1":{"start":{"line":68,"column":8},"end":{"line":68,"column":89}},"2":{"start":{"line":78,"column":8},"end":{"line":78,"column":133}},"3":{"start":{"line":79,"column":8},"end":{"line":79,"column":56}},"4":{"start":{"line":90,"column":8},"end":{"line":90,"column":3195}},"5":{"start":{"line":91,"column":12},"end":{"line":91,"column":85}},"6":{"start":{"line":94,"column":12},"end":{"line":94,"column":51}},"7":{"start":{"line":97,"column":8},"end":{"line":97,"column":51}},"8":{"start":{"line":101,"column":8},"end":{"line":101,"column":135}},"9":{"start":{"line":102,"column":8},"end":{"line":102,"column":89}},"10":{"start":{"line":106,"column":8},"end":{"line":106,"column":63}},"11":{"start":{"line":108,"column":8},"end":{"line":108,"column":43}},"12":{"start":{"line":112,"column":8},"end":{"line":112,"column":67}},"13":{"start":{"line":112,"column":59},"end":{"line":112,"column":67}},"14":{"start":{"line":113,"column":8},"end":{"line":113,"column":63}},"15":{"start":{"line":114,"column":8},"end":{"line":114,"column":118}},"16":{"start":{"line":118,"column":8},"end":{"line":118,"column":63}},"17":{"start":{"line":119,"column":8},"end":{"line":119,"column":52}},"18":{"start":{"line":121,"column":8},"end":{"line":121,"column":49}},"19":{"start":{"line":121,"column":41},"end":{"line":121,"column":49}},"20":{"start":{"line":123,"column":8},"end":{"line":123,"column":41}},"21":{"start":{"line":127,"column":8},"end":{"line":127,"column":85}},"22":{"start":{"line":129,"column":8},"end":{"line":129,"column":61}},"23":{"start":{"line":130,"column":8},"end":{"line":130,"column":61}},"24":{"start":{"line":132,"column":8},"end":{"line":132,"column":52}},"25":{"start":{"line":134,"column":8},"end":{"line":134,"column":56}},"26":{"start":{"line":135,"column":8},"end":{"line":135,"column":55}},"27":{"start":{"line":137,"column":8},"end":{"line":137,"column":62}},"28":{"start":{"line":141,"column":8},"end":{"line":141,"column":5262}},"29":{"start":{"line":142,"column":12},"end":{"line":142,"column":51}},"30":{"start":{"line":143,"column":12},"end":{"line":143,"column":52}},"31":{"start":{"line":145,"column":12},"end":{"line":145,"column":61}},"32":{"start":{"line":146,"column":12},"end":{"line":146,"column":64}},"33":{"start":{"line":148,"column":12},"end":{"line":148,"column":52}},"34":{"start":{"line":149,"column":12},"end":{"line":149,"column":51}},"35":{"start":{"line":151,"column":12},"end":{"line":151,"column":61}},"36":{"start":{"line":152,"column":12},"end":{"line":152,"column":64}},"37":{"start":{"line":158,"column":8},"end":{"line":158,"column":55}},"38":{"start":{"line":162,"column":8},"end":{"line":162,"column":68}},"39":{"start":{"line":163,"column":8},"end":{"line":163,"column":102}},"40":{"start":{"line":164,"column":8},"end":{"line":164,"column":62}},"41":{"start":{"line":170,"column":8},"end":{"line":170,"column":80}},"42":{"start":{"line":179,"column":8},"end":{"line":179,"column":31}},"43":{"start":{"line":203,"column":8},"end":{"line":203,"column":85}},"44":{"start":{"line":204,"column":8},"end":{"line":204,"column":48}},"45":{"start":{"line":206,"column":8},"end":{"line":206,"column":8455}},"46":{"start":{"line":210,"column":8},"end":{"line":210,"column":72}},"47":{"start":{"line":213,"column":8},"end":{"line":213,"column":65}},"48":{"start":{"line":215,"column":8},"end":{"line":215,"column":54}},"49":{"start":{"line":216,"column":8},"end":{"line":216,"column":58}},"50":{"start":{"line":218,"column":8},"end":{"line":218,"column":81}}},"branchMap":{"1":{"line":68,"type":"if","locations":[{"start":{"line":68,"column":8},"end":{"line":68,"column":8}},{"start":{"line":68,"column":8},"end":{"line":68,"column":8}}]},"2":{"line":78,"type":"if","locations":[{"start":{"line":78,"column":8},"end":{"line":78,"column":8}},{"start":{"line":78,"column":8},"end":{"line":78,"column":8}}]},"3":{"line":79,"type":"if","locations":[{"start":{"line":79,"column":8},"end":{"line":79,"column":8}},{"start":{"line":79,"column":8},"end":{"line":79,"column":8}}]},"4":{"line":85,"type":"if","locations":[{"start":{"line":85,"column":77},"end":{"line":85,"column":77}},{"start":{"line":85,"column":77},"end":{"line":85,"column":77}}]},"5":{"line":85,"type":"if","locations":[{"start":{"line":85,"column":87},"end":{"line":85,"column":87}},{"start":{"line":85,"column":87},"end":{"line":85,"column":87}}]},"6":{"line":90,"type":"if","locations":[{"start":{"line":90,"column":8},"end":{"line":90,"column":8}},{"start":{"line":90,"column":8},"end":{"line":90,"column":8}}]},"7":{"line":100,"type":"if","locations":[{"start":{"line":100,"column":45},"end":{"line":100,"column":45}},{"start":{"line":100,"column":45},"end":{"line":100,"column":45}}]},"8":{"line":101,"type":"if","locations":[{"start":{"line":101,"column":8},"end":{"line":101,"column":8}},{"start":{"line":101,"column":8},"end":{"line":101,"column":8}}]},"9":{"line":102,"type":"if","locations":[{"start":{"line":102,"column":8},"end":{"line":102,"column":8}},{"start":{"line":102,"column":8},"end":{"line":102,"column":8}}]},"10":{"line":112,"type":"if","locations":[{"start":{"line":112,"column":8},"end":{"line":112,"column":8}},{"start":{"line":112,"column":8},"end":{"line":112,"column":8}}]},"11":{"line":112,"type":"cond-expr","locations":[{"start":{"line":112,"column":12},"end":{"line":112,"column":25}},{"start":{"line":112,"column":30},"end":{"line":112,"column":56}}]},"12":{"line":121,"type":"if","locations":[{"start":{"line":121,"column":8},"end":{"line":121,"column":8}},{"start":{"line":121,"column":8},"end":{"line":121,"column":8}}]},"13":{"line":127,"type":"if","locations":[{"start":{"line":127,"column":8},"end":{"line":127,"column":8}},{"start":{"line":127,"column":8},"end":{"line":127,"column":8}}]},"14":{"line":127,"type":"cond-expr","locations":[{"start":{"line":127,"column":12},"end":{"line":127,"column":25}},{"start":{"line":127,"column":30},"end":{"line":127,"column":56}}]},"15":{"line":130,"type":"if","locations":[{"start":{"line":130,"column":8},"end":{"line":130,"column":8}},{"start":{"line":130,"column":8},"end":{"line":130,"column":8}}]},"16":{"line":134,"type":"if","locations":[{"start":{"line":134,"column":8},"end":{"line":134,"column":8}},{"start":{"line":134,"column":8},"end":{"line":134,"column":8}}]},"17":{"line":135,"type":"if","locations":[{"start":{"line":135,"column":8},"end":{"line":135,"column":8}},{"start":{"line":135,"column":8},"end":{"line":135,"column":8}}]},"18":{"line":141,"type":"if","locations":[{"start":{"line":141,"column":8},"end":{"line":141,"column":8}},{"start":{"line":141,"column":8},"end":{"line":141,"column":8}}]},"19":{"line":157,"type":"if","locations":[{"start":{"line":157,"column":33},"end":{"line":157,"column":33}},{"start":{"line":157,"column":33},"end":{"line":157,"column":33}}]},"20":{"line":157,"type":"if","locations":[{"start":{"line":157,"column":43},"end":{"line":157,"column":43}},{"start":{"line":157,"column":43},"end":{"line":157,"column":43}}]},"21":{"line":158,"type":"if","locations":[{"start":{"line":158,"column":8},"end":{"line":158,"column":8}},{"start":{"line":158,"column":8},"end":{"line":158,"column":8}}]},"22":{"line":168,"type":"if","locations":[{"start":{"line":168,"column":114},"end":{"line":168,"column":131}},{"start":{"line":168,"column":135},"end":{"line":168,"column":154}}]},"23":{"line":176,"type":"if","locations":[{"start":{"line":176,"column":46},"end":{"line":176,"column":46}},{"start":{"line":176,"column":46},"end":{"line":176,"column":46}}]},"24":{"line":201,"type":"if","locations":[{"start":{"line":201,"column":52},"end":{"line":201,"column":52}},{"start":{"line":201,"column":52},"end":{"line":201,"column":52}}]},"25":{"line":206,"type":"if","locations":[{"start":{"line":206,"column":8},"end":{"line":206,"column":8}},{"start":{"line":206,"column":8},"end":{"line":206,"column":8}}]}}},"contracts/test/MockERC20.sol":{"l":{"8":516},"path":"/Users/shaharyakir/Documents/dev_x/excited-contracts/contracts/test/MockERC20.sol","s":{"1":516},"b":{},"f":{"1":516},"fnMap":{"1":{"name":"constructor","line":7,"loc":{"start":{"line":7,"column":4},"end":{"line":9,"column":4}}}},"statementMap":{"1":{"start":{"line":8,"column":8},"end":{"line":8,"column":32}}},"branchMap":{}},"contracts/test/MockUSDC.sol":{"l":{"8":171,"12":230},"path":"/Users/shaharyakir/Documents/dev_x/excited-contracts/contracts/test/MockUSDC.sol","s":{"1":171,"2":230},"b":{},"f":{"1":171,"2":230},"fnMap":{"1":{"name":"constructor","line":7,"loc":{"start":{"line":7,"column":4},"end":{"line":9,"column":4}}},"2":{"name":"decimals","line":11,"loc":{"start":{"line":11,"column":4},"end":{"line":13,"column":4}}}},"statementMap":{"1":{"start":{"line":8,"column":8},"end":{"line":8,"column":32}},"2":{"start":{"line":12,"column":8},"end":{"line":12,"column":16}}},"branchMap":{}},"contracts/uninsured-vesting-v1/UninsuredVestingV1.sol":{"l":{"41":88,"43":88,"45":87,"53":2,"54":1,"56":0,"58":0,"62":12,"63":12,"64":12,"68":12,"69":12,"71":12,"73":11,"77":13,"79":12,"81":12,"83":11,"84":11,"86":11,"90":25,"92":24,"94":24,"95":21,"97":3,"100":24,"102":24,"107":3,"109":3,"110":2,"113":3,"116":3,"117":3,"119":3},"path":"/Users/shaharyakir/Documents/dev_x/excited-contracts/contracts/uninsured-vesting-v1/UninsuredVestingV1.sol","s":{"1":88,"2":2,"3":1,"4":0,"5":12,"6":0,"7":12,"8":12,"9":12,"10":12,"11":12,"12":1,"13":11,"14":13,"15":12,"16":12,"17":11,"18":11,"19":25,"20":24,"21":24,"22":24,"23":3,"24":3,"25":3,"26":3,"27":3,"28":3},"b":{"1":[1,87],"2":[2,1],"3":[1,1],"4":[1,0],"5":[0,12],"6":[1,11],"7":[1,12],"8":[1,11],"9":[25,2],"10":[1,24],"11":[21,3],"12":[3,1],"13":[2,1]},"f":{"1":88,"2":2,"3":12,"4":12,"5":13,"6":25,"7":3},"fnMap":{"1":{"name":"constructor","line":40,"loc":{"start":{"line":40,"column":4},"end":{"line":46,"column":4}}},"2":{"name":"setStartTime","line":52,"loc":{"start":{"line":52,"column":4},"end":{"line":59,"column":4}}},"3":{"name":"totalVestedFor","line":61,"loc":{"start":{"line":61,"column":4},"end":{"line":65,"column":4}}},"4":{"name":"claimableFor","line":67,"loc":{"start":{"line":67,"column":4},"end":{"line":74,"column":4}}},"5":{"name":"claim","line":76,"loc":{"start":{"line":76,"column":4},"end":{"line":87,"column":4}}},"6":{"name":"setAmount","line":89,"loc":{"start":{"line":89,"column":4},"end":{"line":103,"column":4}}},"7":{"name":"recover","line":105,"loc":{"start":{"line":105,"column":4},"end":{"line":120,"column":4}}}},"statementMap":{"1":{"start":{"line":43,"column":8},"end":{"line":43,"column":112}},"2":{"start":{"line":53,"column":8},"end":{"line":53,"column":71}},"3":{"start":{"line":54,"column":8},"end":{"line":54,"column":85}},"4":{"start":{"line":58,"column":8},"end":{"line":58,"column":39}},"5":{"start":{"line":62,"column":8},"end":{"line":62,"column":49}},"6":{"start":{"line":62,"column":41},"end":{"line":62,"column":49}},"7":{"start":{"line":63,"column":8},"end":{"line":63,"column":63}},"8":{"start":{"line":64,"column":8},"end":{"line":64,"column":110}},"9":{"start":{"line":68,"column":8},"end":{"line":68,"column":64}},"10":{"start":{"line":69,"column":8},"end":{"line":69,"column":52}},"11":{"start":{"line":71,"column":8},"end":{"line":71,"column":49}},"12":{"start":{"line":71,"column":41},"end":{"line":71,"column":49}},"13":{"start":{"line":73,"column":8},"end":{"line":73,"column":41}},"14":{"start":{"line":77,"column":8},"end":{"line":77,"column":67}},"15":{"start":{"line":79,"column":8},"end":{"line":79,"column":48}},"16":{"start":{"line":81,"column":8},"end":{"line":81,"column":51}},"17":{"start":{"line":84,"column":8},"end":{"line":84,"column":43}},"18":{"start":{"line":86,"column":8},"end":{"line":86,"column":39}},"19":{"start":{"line":90,"column":8},"end":{"line":90,"column":71}},"20":{"start":{"line":92,"column":8},"end":{"line":92,"column":66}},"21":{"start":{"line":94,"column":8},"end":{"line":94,"column":3117}},"22":{"start":{"line":102,"column":8},"end":{"line":102,"column":38}},"23":{"start":{"line":107,"column":8},"end":{"line":107,"column":85}},"24":{"start":{"line":109,"column":8},"end":{"line":109,"column":3710}},"25":{"start":{"line":113,"column":8},"end":{"line":113,"column":72}},"26":{"start":{"line":116,"column":8},"end":{"line":116,"column":54}},"27":{"start":{"line":117,"column":8},"end":{"line":117,"column":58}},"28":{"start":{"line":119,"column":8},"end":{"line":119,"column":81}}},"branchMap":{"1":{"line":43,"type":"if","locations":[{"start":{"line":43,"column":8},"end":{"line":43,"column":8}},{"start":{"line":43,"column":8},"end":{"line":43,"column":8}}]},"2":{"line":52,"type":"if","locations":[{"start":{"line":52,"column":55},"end":{"line":52,"column":55}},{"start":{"line":52,"column":55},"end":{"line":52,"column":55}}]},"3":{"line":53,"type":"if","locations":[{"start":{"line":53,"column":8},"end":{"line":53,"column":8}},{"start":{"line":53,"column":8},"end":{"line":53,"column":8}}]},"4":{"line":54,"type":"if","locations":[{"start":{"line":54,"column":8},"end":{"line":54,"column":8}},{"start":{"line":54,"column":8},"end":{"line":54,"column":8}}]},"5":{"line":62,"type":"if","locations":[{"start":{"line":62,"column":8},"end":{"line":62,"column":8}},{"start":{"line":62,"column":8},"end":{"line":62,"column":8}}]},"6":{"line":71,"type":"if","locations":[{"start":{"line":71,"column":8},"end":{"line":71,"column":8}},{"start":{"line":71,"column":8},"end":{"line":71,"column":8}}]},"7":{"line":77,"type":"if","locations":[{"start":{"line":77,"column":8},"end":{"line":77,"column":8}},{"start":{"line":77,"column":8},"end":{"line":77,"column":8}}]},"8":{"line":81,"type":"if","locations":[{"start":{"line":81,"column":8},"end":{"line":81,"column":8}},{"start":{"line":81,"column":8},"end":{"line":81,"column":8}}]},"9":{"line":89,"type":"if","locations":[{"start":{"line":89,"column":62},"end":{"line":89,"column":62}},{"start":{"line":89,"column":62},"end":{"line":89,"column":62}}]},"10":{"line":90,"type":"if","locations":[{"start":{"line":90,"column":8},"end":{"line":90,"column":8}},{"start":{"line":90,"column":8},"end":{"line":90,"column":8}}]},"11":{"line":94,"type":"if","locations":[{"start":{"line":94,"column":8},"end":{"line":94,"column":8}},{"start":{"line":94,"column":8},"end":{"line":94,"column":8}}]},"12":{"line":105,"type":"if","locations":[{"start":{"line":105,"column":52},"end":{"line":105,"column":52}},{"start":{"line":105,"column":52},"end":{"line":105,"column":52}}]},"13":{"line":109,"type":"if","locations":[{"start":{"line":109,"column":8},"end":{"line":109,"column":8}},{"start":{"line":109,"column":8},"end":{"line":109,"column":8}}]}}}}